2020-03-16T12:08:03.466+0800	[35mDEBUG[0m	/Users/sinlov/go/src/github.com/sinlovgo/zlog/logconfig.go:70	zlog init success
2020-03-16T12:09:22.574+0800	[35mDEBUG[0m	/Users/sinlov/go/src/github.com/sinlovgo/zlog/logconfig.go:70	zlog init success
2020-03-16T12:09:22.574+0800	[35mDEBUG[0m	/Users/sinlov/go/src/github.com/sinlovgo/zlog/zlog.go:30	info [message]
2020-03-16T12:09:22.574+0800	[35mDEBUG[0m	/Users/sinlov/go/src/github.com/sinlovgo/zlog/zlog.go:34	info [message]
2020-03-16T12:10:08.256+0800	[35mDEBUG[0m	/Users/sinlov/go/src/github.com/sinlovgo/zlog/logconfig.go:70	zlog init success
2020-03-16T12:10:08.257+0800	[35mDEBUG[0m	/Users/sinlov/go/src/github.com/sinlovgo/zlog/zlog.go:30	info [message]
2020-03-16T12:10:08.257+0800	[35mDEBUG[0m	/Users/sinlov/go/src/github.com/sinlovgo/zlog/zlog.go:34	info [message]
2020-03-16T12:10:13.004+0800	[35mDEBUG[0m	/Users/sinlov/go/src/github.com/sinlovgo/zlog/logconfig.go:70	zlog init success
2020-03-16T12:10:13.004+0800	[35mDEBUG[0m	/Users/sinlov/go/src/github.com/sinlovgo/zlog/zlog.go:30	info [message]
2020-03-16T12:10:13.004+0800	[35mDEBUG[0m	/Users/sinlov/go/src/github.com/sinlovgo/zlog/zlog.go:34	info [message]
2020-03-16T12:10:29.613+0800	[35mDEBUG[0m	/Users/sinlov/go/src/github.com/sinlovgo/zlog/logconfig.go:70	zlog init success
2020-03-16T12:10:29.614+0800	[35mDEBUG[0m	/Users/sinlov/go/src/github.com/sinlovgo/zlog/zlog.go:30	info [message]
2020-03-16T12:10:29.614+0800	[35mDEBUG[0m	/Users/sinlov/go/src/github.com/sinlovgo/zlog/zlog.go:34	info [message]
2020-03-16T12:10:29.614+0800	[35mDEBUG[0m	/Users/sinlov/go/src/github.com/sinlovgo/zlog/zlog.go:34	info num [10]
2020-03-16T12:10:53.132+0800	[35mDEBUG[0m	/Users/sinlov/go/src/github.com/sinlovgo/zlog/logconfig.go:70	zlog init success
2020-03-16T12:10:53.132+0800	[35mDEBUG[0m	/Users/sinlov/go/src/github.com/sinlovgo/zlog/zlog.go:30	info [message]
2020-03-16T12:10:53.132+0800	[34mINFO[0m	/Users/sinlov/go/src/github.com/sinlovgo/zlog/zlog.go:34	info [message]
2020-03-16T12:10:53.132+0800	[34mINFO[0m	/Users/sinlov/go/src/github.com/sinlovgo/zlog/zlog.go:34	info num [10]
2020-03-16T12:48:14.097+0800	[35mDEBUG[0m	/Users/sinlov/go/src/github.com/sinlovgo/zlog/logconfig.go:70	zlog init success
2020-03-16T12:48:14.098+0800	[35mDEBUG[0m	/Users/sinlov/go/src/github.com/sinlovgo/zlog/zlog.go:21	info [message]
2020-03-16T12:48:14.098+0800	[34mINFO[0m	/Users/sinlov/go/src/github.com/sinlovgo/zlog/zlog.go:25	info [message]
2020-03-16T12:48:14.098+0800	[34mINFO[0m	/Users/sinlov/go/src/github.com/sinlovgo/zlog/zlog.go:25	info num [10]
2020-03-16T12:48:14.098+0800	[35mDEBUG[0m	/Users/sinlov/go/src/github.com/sinlovgo/zlog/zlog.go:29	[[debug can format %v debug-info]]
